<?xml version="1.0" encoding="UTF-8"?>
<!-- Generated by org.testng.reporters.JUnitReportReporter -->
<testsuite skipped="0" hostname="DESKTOP-755CKTO" name="com.xmkg.web.TestMysqlConnection" tests="1" failures="0" timestamp="30 四月 2019 11:29:49 GMT" time="0.416" errors="0">
  <testcase name="contextLoads" time="0.416" classname="com.xmkg.web.TestMysqlConnection"/>
</testsuite> <!-- com.xmkg.web.TestMysqlConnection -->
